<?xml version="1.0" encoding="UTF-8"?>
<!-- Generated by org.testng.reporters.JUnitXMLReporter -->
<testsuite ignored="0" hostname="DESKTOP-9VL2DDV" failures="0" tests="3" name="Test-Runner-1" time="0.253" errors="0" timestamp="2024-03-13T11:32:55 IST">
  <testcase classname="practice.TestNGPratice1" name="UpdateContact" time="0.036"/>
  <testcase classname="practice.TestNGPratice1" name="createContact" time="0.004"/>
  <testcase classname="practice.TestNGPratice1" name="deleteContact" time="0.022"/>
</testsuite> <!-- Test-Runner-1 -->
