<?xml version="1.0" encoding="UTF-8"?>
<!-- Generated by org.testng.reporters.JUnitXMLReporter -->
<testsuite ignored="0" hostname="DESKTOP-9VL2DDV" failures="0" tests="4" name="Test-Runner-2" time="0.329" errors="0" timestamp="2024-03-13T11:32:55 IST">
  <testcase classname="practice.TestNGPratice2" name="createContact" time="0.044"/>
  <testcase classname="practice.TestNGPratice2" name="deleteContact" time="0.009"/>
  <testcase classname="practice.TestNGPratice2" name="deleteContact" time="0.025"/>
  <testcase classname="practice.TestNGPratice2" name="deleteContact" time="0.005"/>
</testsuite> <!-- Test-Runner-2 -->
