<?xml version="1.0" encoding="UTF-8"?>
<!-- Generated by org.testng.reporters.JUnitReportReporter -->
<testsuite hostname="DESKTOP-9VL2DDV" failures="0" tests="1" name="CalendarTests.CreateNewMeetingTests" time="59.173" errors="0" timestamp="2024-03-20T16:15:58 IST" skipped="0">
  <testcase classname="CalendarTests.CreateNewMeetingTests" name="CreateMeeting" time="59.173"/>
</testsuite> <!-- CalendarTests.CreateNewMeetingTests -->
