<?xml version="1.0" encoding="UTF-8"?>
<!-- Generated by org.testng.reporters.JUnitReportReporter -->
<testsuite hostname="DESKTOP-9VL2DDV" failures="0" tests="1" name="practice.IRetryPtactice" time="0.040" errors="0" timestamp="2024-03-19T10:49:18 IST" skipped="0">
  <testcase classname="practice.IRetryPtactice" name="letsRetry" time="0.040"/>
</testsuite> <!-- practice.IRetryPtactice -->
