<?xml version="1.0" encoding="UTF-8"?>
<!-- Generated by org.testng.reporters.JUnitReportReporter -->
<testsuite hostname="DESKTOP-9VL2DDV" failures="0" tests="6" name="practice.TestNGPratice3" time="0.083" errors="0" timestamp="2024-03-13T11:51:03 IST" skipped="2">
  <testcase classname="practice.TestNGPratice3" name="UpdateContact" time="0.037"/>
  <testcase classname="practice.TestNGPratice3" name="createContact" time="0.007"/>
  <testcase classname="practice.TestNGPratice3" name="createContact" time="0.003"/>
  <testcase classname="practice.TestNGPratice3" name="UpdateContact" time="0.036"/>
  <testcase classname="practice.TestNGPratice3" name="deleteContact">
    <skipped/>
  </testcase> <!-- deleteContact -->
  <testcase classname="practice.TestNGPratice3" name="deleteContact">
    <skipped/>
  </testcase> <!-- deleteContact -->
</testsuite> <!-- practice.TestNGPratice3 -->
