<?xml version="1.0" encoding="UTF-8"?>
<!-- Generated by org.testng.reporters.JUnitReportReporter -->
<testsuite hostname="DESKTOP-9VL2DDV" failures="0" tests="1" name="OrganizationsTest.CreateNewOrganizationTests" time="24.075" errors="0" timestamp="2024-03-14T11:59:53 IST" skipped="0">
  <testcase classname="OrganizationsTest.CreateNewOrganizationTests" name="CreateOrganization" time="24.075"/>
</testsuite> <!-- OrganizationsTest.CreateNewOrganizationTests -->
