<?xml version="1.0" encoding="UTF-8"?>
<!-- Generated by org.testng.reporters.JUnitReportReporter -->
<testsuite hostname="DESKTOP-9VL2DDV" failures="0" tests="4" name="practice.TestNGPratice2" time="0.083" errors="0" timestamp="2024-03-13T11:32:56 IST" skipped="0">
  <testcase classname="practice.TestNGPratice2" name="createContact" time="0.044"/>
  <testcase classname="practice.TestNGPratice2" name="deleteContact" time="0.009"/>
  <testcase classname="practice.TestNGPratice2" name="deleteContact" time="0.005"/>
  <testcase classname="practice.TestNGPratice2" name="deleteContact" time="0.025"/>
</testsuite> <!-- practice.TestNGPratice2 -->
