<?xml version="1.0" encoding="UTF-8"?>
<!-- Generated by org.testng.reporters.JUnitReportReporter -->
<testsuite hostname="DESKTOP-9VL2DDV" failures="0" tests="1" name="practice.Product2" time="82.137" errors="0" timestamp="2024-03-07T10:58:07 IST" skipped="0">
  <testcase classname="practice.Product2" name="createProduct" time="82.137"/>
</testsuite> <!-- practice.Product2 -->
