<?xml version="1.0" encoding="UTF-8"?>
<!-- Generated by org.testng.reporters.JUnitReportReporter -->
<testsuite hostname="DESKTOP-9VL2DDV" failures="0" tests="1" name="practice.TestNGPratoce" time="0.044" errors="0" timestamp="2024-03-05T10:31:42 IST" skipped="0">
  <testcase classname="practice.TestNGPratoce" name="sample" time="0.044"/>
  <system-out/>
</testsuite> <!-- practice.TestNGPratoce -->
