<?xml version="1.0" encoding="UTF-8"?>
<!-- Generated by org.testng.reporters.JUnitReportReporter -->
<testsuite hostname="DESKTOP-9VL2DDV" failures="0" tests="1" name="InvoiceTests.CreateNewInvoicTests" time="46.948" errors="0" timestamp="2024-03-14T11:56:01 IST" skipped="0">
  <testcase classname="InvoiceTests.CreateNewInvoicTests" name="CreateInvoice" time="46.948"/>
</testsuite> <!-- InvoiceTests.CreateNewInvoicTests -->
