<?xml version="1.0" encoding="UTF-8"?>
<!-- Generated by org.testng.reporters.JUnitReportReporter -->
<testsuite hostname="DESKTOP-9VL2DDV" failures="0" tests="3" name="practice.TestNGPratice1" time="0.050" errors="0" timestamp="2024-03-14T11:36:19 IST" skipped="0">
  <testcase classname="practice.TestNGPratice1" name="UpdateContact" time="0.031"/>
  <testcase classname="practice.TestNGPratice1" name="createContact" time="0.010"/>
  <testcase classname="practice.TestNGPratice1" name="deleteContact" time="0.009"/>
</testsuite> <!-- practice.TestNGPratice1 -->
